{
  "stats": {
    "suites": 1,
    "tests": 9,
    "passes": 8,
    "pending": 0,
    "failures": 1,
    "start": "2023-10-29T09:33:08.987Z",
    "end": "2023-10-29T09:33:13.892Z",
    "duration": 4905,
    "testsRegistered": 9,
    "passPercent": 88.88888888888889,
    "pendingPercent": 0,
    "other": 0,
    "hasOther": false,
    "skipped": 0,
    "hasSkipped": false
  },
  "results": [
    {
      "uuid": "f6accd27-518c-4e35-a121-a65975bce41c",
      "title": "",
      "fullFile": "C:\\Users\\Iryna_Dziadura\\Documents\\API task\\test.spec.js",
      "file": "\\test.spec.js",
      "beforeHooks": [],
      "afterHooks": [],
      "tests": [],
      "suites": [
        {
          "uuid": "3742fcaf-88ff-409c-838c-e58421042284",
          "title": "API Test Suite",
          "fullFile": "C:\\Users\\Iryna_Dziadura\\Documents\\API task\\test.spec.js",
          "file": "\\test.spec.js",
          "beforeHooks": [],
          "afterHooks": [],
          "tests": [
            {
              "title": "register user",
              "fullTitle": "API Test Suite register user",
              "timedOut": false,
              "duration": 744,
              "state": "passed",
              "speed": "slow",
              "pass": true,
              "fail": false,
              "pending": false,
              "context": null,
              "code": "const response = await axios.post('https://petstore.swagger.io/v2/user', {\n    headers: {\n        'Content-Type': 'application/json',\n        'Authorization': { api_key: \"special-key\"}\n    },\n    data: {\n        id: 5,\n        username: \"NewUser\",\n        firstName: \"Iryna\",\n        lastName: \"Dziadura\",\n        email: \"iryna18@test.com\",\n        password: \"irynka1805\",\n        phone: \"11111111111\",\n        userStatus: 201\n    }\n});\nexpect(response.status).to.equal(200);",
              "err": {},
              "uuid": "c35b4b13-5f7b-413f-92df-da92ff40fb9c",
              "parentUUID": "3742fcaf-88ff-409c-838c-e58421042284",
              "isHook": false,
              "skipped": false
            },
            {
              "title": "login as a User",
              "fullTitle": "API Test Suite login as a User",
              "timedOut": false,
              "duration": 419,
              "state": "passed",
              "speed": "slow",
              "pass": true,
              "fail": false,
              "pending": false,
              "context": null,
              "code": "const response = await axios.get('https://petstore.swagger.io/v2/user/login?username=NewUser&password=irynka1805', {\n    headers: {\n        'Content-Type': 'application/json',\n        'Authorization': { api_key: \"special-key\" }\n    }\n});\nexpect(response.status).to.equal(200);",
              "err": {},
              "uuid": "4dec3ea3-75fa-4cb0-8a9d-175c55350e47",
              "parentUUID": "3742fcaf-88ff-409c-838c-e58421042284",
              "isHook": false,
              "skipped": false
            },
            {
              "title": "Logs out current logged in user session",
              "fullTitle": "API Test Suite Logs out current logged in user session",
              "timedOut": false,
              "duration": 399,
              "state": "passed",
              "speed": "slow",
              "pass": true,
              "fail": false,
              "pending": false,
              "context": null,
              "code": "const response = await axios.get('https://petstore.swagger.io/v2/user/logout', {\n});\nexpect(response.status).to.equal(200);",
              "err": {},
              "uuid": "10a568aa-4938-49f6-ae4a-34baa133ff01",
              "parentUUID": "3742fcaf-88ff-409c-838c-e58421042284",
              "isHook": false,
              "skipped": false
            },
            {
              "title": "creates list of users with given input array",
              "fullTitle": "API Test Suite creates list of users with given input array",
              "timedOut": false,
              "duration": 387,
              "state": "failed",
              "speed": null,
              "pass": false,
              "fail": true,
              "pending": false,
              "context": null,
              "code": "const response = await axios({\n    method: \"post\",\n    url: \"https://petstore.swagger.io/v2/user/createWithList\",\n    headers: {\n         api_key: \"special-key\",\n        'Content-Type': 'application/json'\n    }\n    [\n        {\n            id: 0,\n            username: \"NewFirst\",\n            firstName: \"irynka\",\n            lastName: \"irynkairynkanew\",\n            email: \"iryna1888888@test.com\",\n            password: \"test123456\",\n            phone: \"894561223\",\n            userStatus: 0\n        },\n        {\n            id: 0,\n            username: \"NewOne\",\n            firstName: \"irynka\",\n            lastName: \"irynkanew\",\n            email: \"iryna1856@test.com\",\n            password: \"test12345689\",\n            phone: \"12345689\",\n            userStatus: 0\n        }\n    ]\n})\nconsole.log(response.data);\nexpect(response.data.code).to.equal(200);\nexpect(response.data.message).to.equal(\"ok\");",
              "err": {
                "message": "AxiosError: Request failed with status code 415",
                "estack": "AxiosError: Request failed with status code 415\n    at settle (node_modules\\axios\\dist\\node\\axios.cjs:1913:12)\n    at IncomingMessage.handleStreamEnd (node_modules\\axios\\dist\\node\\axios.cjs:3008:11)\n    at IncomingMessage.emit (node:events:529:35)\n    at endReadableNT (node:internal/streams/readable:1368:12)\n    at process.processTicksAndRejections (node:internal/process/task_queues:82:21)",
                "diff": null
              },
              "uuid": "f5c0ca67-8b8f-4e57-aed5-5b3a24b5f3f8",
              "parentUUID": "3742fcaf-88ff-409c-838c-e58421042284",
              "isHook": false,
              "skipped": false
            },
            {
              "title": "should allows adding a new Pet",
              "fullTitle": "API Test Suite should allows adding a new Pet",
              "timedOut": false,
              "duration": 430,
              "state": "passed",
              "speed": "slow",
              "pass": true,
              "fail": false,
              "pending": false,
              "context": null,
              "code": "const response = await axios.post('https://petstore.swagger.io/v2/pet', {\n    headers: {\n        'Content-Type': 'application/json',\n        'Authorization': { api_key: \"special-key\" }\n    },\n    data: {\n        id: 9223372016900016000,\n        category: {\n            id: 8,\n            name: \"corgie\"\n        },\n        name: \"doggie\",\n        photoUrls: [\n            \"string\"\n        ],\n        tags: [\n            {\n                \"id\": 15,\n                \"name\": \"pretty\"\n            }\n        ],\n        status: \"available\"\n    }\n});\nconsole.log(response.data)\nexpect(response.status).to.equal(200);",
              "err": {},
              "uuid": "c4af41ee-e893-4b0b-a72e-e8f3814dff7b",
              "parentUUID": "3742fcaf-88ff-409c-838c-e58421042284",
              "isHook": false,
              "skipped": false
            },
            {
              "title": "should allows updating Pet’s image",
              "fullTitle": "API Test Suite should allows updating Pet’s image",
              "timedOut": false,
              "duration": 402,
              "state": "passed",
              "speed": "slow",
              "pass": true,
              "fail": false,
              "pending": false,
              "context": null,
              "code": "const res = await axios.put('https://petstore.swagger.io/v2/pet',\n    {\n        id: 9223372016900016000,\n        category: {\n            \"id\": 12,\n            \"name\": \"Jeck\"\n        },\n        name: \"Bigle\",\n        photoUrls: [\n            \"https://cdn.britannica.com/16/234216-050-C66F8665/beagle-hound-dog.jpg\",\n            \"https://cdn.britannica.com/99/152499-050-29EFB7EE/Beagle.jpg\"\n        ],\n        tags: [\n            {\n                \"id\": 12,\n                \"name\": \"Small\"\n            }\n        ],\n        status: \"available\"\n    })\nconsole.log(res.data)\nexpect(res.data.category.id).equal(12);\nexpect(res.data.category.name).equal('Jeck');",
              "err": {},
              "uuid": "eb552712-d04a-44a8-879f-4668796a106c",
              "parentUUID": "3742fcaf-88ff-409c-838c-e58421042284",
              "isHook": false,
              "skipped": false
            },
            {
              "title": "should allows updating Pet’s name and status",
              "fullTitle": "API Test Suite should allows updating Pet’s name and status",
              "timedOut": false,
              "duration": 390,
              "state": "passed",
              "speed": "slow",
              "pass": true,
              "fail": false,
              "pending": false,
              "context": null,
              "code": "const res = await axios.put('https://petstore.swagger.io/v2/pet',\n    {\n        id: 9223372016900016000,\n        category: {\n            \"id\": 12,\n            \"name\": \"Jeck\"\n        },\n        name: \"Husky\",\n        photoUrls: [\n            \"https://cdn.britannica.com/16/234216-050-C66F8665/beagle-hound-dog.jpg\",\n            \"https://cdn.britannica.com/99/152499-050-29EFB7EE/Beagle.jpg\"\n        ],\n        tags: [\n            {\n                \"id\": 12,\n                \"name\": \"Big\"\n            }\n        ],\n        status: \"unavailable\"\n    })\nconsole.log(res.data)\nexpect(res.data.status).equal('unavailable');\nexpect(res.data.name).equal('Husky');",
              "err": {},
              "uuid": "04e69688-6e27-4142-b6f9-9a7bb258f365",
              "parentUUID": "3742fcaf-88ff-409c-838c-e58421042284",
              "isHook": false,
              "skipped": false
            },
            {
              "title": "should allows uploading Pet’s image",
              "fullTitle": "API Test Suite should allows uploading Pet’s image",
              "timedOut": false,
              "duration": 1293,
              "state": "passed",
              "speed": "slow",
              "pass": true,
              "fail": false,
              "pending": false,
              "context": null,
              "code": "const FormData = require('form-data');\nconst fs = require('fs/promises');\nconst form = new FormData();\nconst image = await fs.readFile('./pexels-alotrobo-2848707.jpg');\nform.append('additionalMetadata', 'eu sunt consequat veniam');\nform.append('file', image, 'pexels-alotrobo-2848707.jpg');\nconst response = await axios.post('https://petstore.swagger.io/v2/pet/5/uploadImage', form, {\n    headers: {\n        //'Content-Type': 'multipart/form-data',\n        'Authorization': { api_key: \"special-key\" },\n        ...form.getHeaders()\n    },\n    //data: form\n})\nexpect(response.status).to.equal(200);",
              "err": {},
              "uuid": "408afcf1-b83f-43e5-92af-1f4802ddeefd",
              "parentUUID": "3742fcaf-88ff-409c-838c-e58421042284",
              "isHook": false,
              "skipped": false
            },
            {
              "title": "shoul allows deleting Pet",
              "fullTitle": "API Test Suite shoul allows deleting Pet",
              "timedOut": false,
              "duration": 420,
              "state": "passed",
              "speed": "slow",
              "pass": true,
              "fail": false,
              "pending": false,
              "context": null,
              "code": "const res = await axios({\n    method: \"delete\",\n    url: 'https://petstore.swagger.io/v2/pet/9223372016900016000',\n    headers: {\n        api_key: 'special-key'\n    }\n})\nconsole.log(res.data)\nexpect(res.data.code).to.equal(200);",
              "err": {},
              "uuid": "e6f61178-8a6e-4755-a1c4-da884a511113",
              "parentUUID": "3742fcaf-88ff-409c-838c-e58421042284",
              "isHook": false,
              "skipped": false
            }
          ],
          "suites": [],
          "passes": [
            "c35b4b13-5f7b-413f-92df-da92ff40fb9c",
            "4dec3ea3-75fa-4cb0-8a9d-175c55350e47",
            "10a568aa-4938-49f6-ae4a-34baa133ff01",
            "c4af41ee-e893-4b0b-a72e-e8f3814dff7b",
            "eb552712-d04a-44a8-879f-4668796a106c",
            "04e69688-6e27-4142-b6f9-9a7bb258f365",
            "408afcf1-b83f-43e5-92af-1f4802ddeefd",
            "e6f61178-8a6e-4755-a1c4-da884a511113"
          ],
          "failures": [
            "f5c0ca67-8b8f-4e57-aed5-5b3a24b5f3f8"
          ],
          "pending": [],
          "skipped": [],
          "duration": 4884,
          "root": false,
          "rootEmpty": false,
          "_timeout": 2000
        }
      ],
      "passes": [],
      "failures": [],
      "pending": [],
      "skipped": [],
      "duration": 0,
      "root": true,
      "rootEmpty": true,
      "_timeout": 2000
    }
  ],
  "meta": {
    "mocha": {
      "version": "10.2.0"
    },
    "mochawesome": {
      "options": {
        "quiet": false,
        "reportFilename": "mochawesome",
        "saveHtml": true,
        "saveJson": true,
        "consoleReporter": "spec",
        "useInlineDiffs": false,
        "code": true
      },
      "version": "7.1.3"
    },
    "marge": {
      "options": null,
      "version": "6.2.0"
    }
  }
}