{
  "stats": {
    "suites": 1,
    "tests": 8,
    "passes": 8,
    "pending": 0,
    "failures": 0,
    "start": "2023-10-29T09:41:48.709Z",
    "end": "2023-10-29T09:41:52.530Z",
    "duration": 3821,
    "testsRegistered": 8,
    "passPercent": 100,
    "pendingPercent": 0,
    "other": 0,
    "hasOther": false,
    "skipped": 0,
    "hasSkipped": false
  },
  "results": [
    {
      "uuid": "b772a98d-78b0-48d4-a342-491ccdf208a6",
      "title": "",
      "fullFile": "C:\\Users\\Iryna_Dziadura\\Documents\\API task\\test.spec.js",
      "file": "\\test.spec.js",
      "beforeHooks": [],
      "afterHooks": [],
      "tests": [],
      "suites": [
        {
          "uuid": "9234d07f-be56-4b30-bed2-277c93a40da2",
          "title": "API Test Suite",
          "fullFile": "C:\\Users\\Iryna_Dziadura\\Documents\\API task\\test.spec.js",
          "file": "\\test.spec.js",
          "beforeHooks": [],
          "afterHooks": [],
          "tests": [
            {
              "title": "register user",
              "fullTitle": "API Test Suite register user",
              "timedOut": false,
              "duration": 708,
              "state": "passed",
              "speed": "slow",
              "pass": true,
              "fail": false,
              "pending": false,
              "context": null,
              "code": "const response = await axios.post('https://petstore.swagger.io/v2/user', {\n    headers: {\n        'Content-Type': 'application/json',\n        'Authorization': { api_key: \"special-key\"}\n    },\n    data: {\n        id: 5,\n        username: \"NewUser\",\n        firstName: \"Iryna\",\n        lastName: \"Dziadura\",\n        email: \"iryna18@test.com\",\n        password: \"irynka1805\",\n        phone: \"11111111111\",\n        userStatus: 201\n    }\n});\nexpect(response.status).to.equal(200);",
              "err": {},
              "uuid": "ea4aeb74-90ca-49b8-b1d6-13079f088b46",
              "parentUUID": "9234d07f-be56-4b30-bed2-277c93a40da2",
              "isHook": false,
              "skipped": false
            },
            {
              "title": "login as a User",
              "fullTitle": "API Test Suite login as a User",
              "timedOut": false,
              "duration": 432,
              "state": "passed",
              "speed": "slow",
              "pass": true,
              "fail": false,
              "pending": false,
              "context": null,
              "code": "const response = await axios.get('https://petstore.swagger.io/v2/user/login?username=NewUser&password=irynka1805', {\n    headers: {\n        'Content-Type': 'application/json',\n        'Authorization': { api_key: \"special-key\" }\n    }\n});\nexpect(response.status).to.equal(200);",
              "err": {},
              "uuid": "e21d3735-a48a-4d66-bcd0-2ef969af0e5c",
              "parentUUID": "9234d07f-be56-4b30-bed2-277c93a40da2",
              "isHook": false,
              "skipped": false
            },
            {
              "title": "Logs out current logged in user session",
              "fullTitle": "API Test Suite Logs out current logged in user session",
              "timedOut": false,
              "duration": 442,
              "state": "passed",
              "speed": "slow",
              "pass": true,
              "fail": false,
              "pending": false,
              "context": null,
              "code": "const response = await axios.get('https://petstore.swagger.io/v2/user/logout', {\n});\nexpect(response.status).to.equal(200);",
              "err": {},
              "uuid": "49ee5a99-b605-421d-9567-93f82eb8dfe7",
              "parentUUID": "9234d07f-be56-4b30-bed2-277c93a40da2",
              "isHook": false,
              "skipped": false
            },
            {
              "title": "creates list of users with given input array",
              "fullTitle": "API Test Suite creates list of users with given input array",
              "timedOut": false,
              "duration": 444,
              "state": "passed",
              "speed": "slow",
              "pass": true,
              "fail": false,
              "pending": false,
              "context": null,
              "code": "const response = await axios({\n    method: \"post\",\n    url: \"https://petstore.swagger.io/v2/user/createWithList\",\n    headers: {\n        'api_key': \"special-key\",\n        'Content-Type': 'application/json'\n    },\n    data:\n        [\n            {\n                id: 0,\n                username: \"NewFirst\",\n                firstName: \"irynka\",\n                lastName: \"irynkairynkanew\",\n                email: \"iryna1888888@test.com\",\n                password: \"test123456\",\n                phone: \"894561223\",\n                userStatus: 0\n            },\n            {\n                id: 0,\n                username: \"NewOne\",\n                firstName: \"irynka\",\n                lastName: \"irynkanew\",\n                email: \"iryna1856@test.com\",\n                password: \"test12345689\",\n                phone: \"12345689\",\n                userStatus: 0\n            }\n        ]\n})\nconsole.log(response.data);\nexpect(response.data.code).to.equal(200);\nexpect(response.data.message).to.equal(\"ok\");",
              "err": {},
              "uuid": "da089ad2-9fbe-447f-94cf-35d7f0e1a79e",
              "parentUUID": "9234d07f-be56-4b30-bed2-277c93a40da2",
              "isHook": false,
              "skipped": false
            },
            {
              "title": "should allows adding a new Pet",
              "fullTitle": "API Test Suite should allows adding a new Pet",
              "timedOut": false,
              "duration": 494,
              "state": "passed",
              "speed": "slow",
              "pass": true,
              "fail": false,
              "pending": false,
              "context": null,
              "code": "const response = await axios.post('https://petstore.swagger.io/v2/pet', {\n    headers: {\n        'Content-Type': 'application/json',\n        'Authorization': { api_key: \"special-key\" }\n    },\n    data: {\n        id: 9223372016900016000,\n        category: {\n            id: 8,\n            name: \"corgie\"\n        },\n        name: \"doggie\",\n        photoUrls: [\n            \"string\"\n        ],\n        tags: [\n            {\n                \"id\": 15,\n                \"name\": \"pretty\"\n            }\n        ],\n        status: \"available\"\n    }\n});\nconsole.log(response.data)\nexpect(response.status).to.equal(200);",
              "err": {},
              "uuid": "68ad2d0f-a517-4274-9e15-96f577403023",
              "parentUUID": "9234d07f-be56-4b30-bed2-277c93a40da2",
              "isHook": false,
              "skipped": false
            },
            {
              "title": "should allows updating Pet’s image",
              "fullTitle": "API Test Suite should allows updating Pet’s image",
              "timedOut": false,
              "duration": 413,
              "state": "passed",
              "speed": "slow",
              "pass": true,
              "fail": false,
              "pending": false,
              "context": null,
              "code": "const res = await axios.put('https://petstore.swagger.io/v2/pet',\n    {\n        id: 9223372016900016000,\n        category: {\n            \"id\": 12,\n            \"name\": \"Jeck\"\n        },\n        name: \"Bigle\",\n        photoUrls: [\n            \"https://cdn.britannica.com/16/234216-050-C66F8665/beagle-hound-dog.jpg\",\n            \"https://cdn.britannica.com/99/152499-050-29EFB7EE/Beagle.jpg\"\n        ],\n        tags: [\n            {\n                \"id\": 12,\n                \"name\": \"Small\"\n            }\n        ],\n        status: \"available\"\n    })\nconsole.log(res.data)\nexpect(res.data.category.id).equal(12);\nexpect(res.data.category.name).equal('Jeck');",
              "err": {},
              "uuid": "e8fcbf05-5798-4949-9d9e-066a8936380d",
              "parentUUID": "9234d07f-be56-4b30-bed2-277c93a40da2",
              "isHook": false,
              "skipped": false
            },
            {
              "title": "should allows updating Pet’s name and status",
              "fullTitle": "API Test Suite should allows updating Pet’s name and status",
              "timedOut": false,
              "duration": 462,
              "state": "passed",
              "speed": "slow",
              "pass": true,
              "fail": false,
              "pending": false,
              "context": null,
              "code": "const res = await axios.put('https://petstore.swagger.io/v2/pet',\n    {\n        id: 9223372016900016000,\n        category: {\n            \"id\": 12,\n            \"name\": \"Jeck\"\n        },\n        name: \"Husky\",\n        photoUrls: [\n            \"https://cdn.britannica.com/16/234216-050-C66F8665/beagle-hound-dog.jpg\",\n            \"https://cdn.britannica.com/99/152499-050-29EFB7EE/Beagle.jpg\"\n        ],\n        tags: [\n            {\n                \"id\": 12,\n                \"name\": \"Big\"\n            }\n        ],\n        status: \"unavailable\"\n    })\nconsole.log(res.data)\nexpect(res.data.status).equal('unavailable');\nexpect(res.data.name).equal('Husky');",
              "err": {},
              "uuid": "5ff6cdff-12c7-49ee-895b-d160deb9b293",
              "parentUUID": "9234d07f-be56-4b30-bed2-277c93a40da2",
              "isHook": false,
              "skipped": false
            },
            {
              "title": "shoul allows deleting Pet",
              "fullTitle": "API Test Suite shoul allows deleting Pet",
              "timedOut": false,
              "duration": 407,
              "state": "passed",
              "speed": "slow",
              "pass": true,
              "fail": false,
              "pending": false,
              "context": null,
              "code": "const res = await axios({\n    method: \"delete\",\n    url: 'https://petstore.swagger.io/v2/pet/9223372016900016000',\n    headers: {\n        api_key: 'special-key'\n    }\n})\nconsole.log(res.data)\nexpect(res.data.code).to.equal(200);",
              "err": {},
              "uuid": "58b896d9-d816-47a7-91ee-1f261a71fed1",
              "parentUUID": "9234d07f-be56-4b30-bed2-277c93a40da2",
              "isHook": false,
              "skipped": false
            }
          ],
          "suites": [],
          "passes": [
            "ea4aeb74-90ca-49b8-b1d6-13079f088b46",
            "e21d3735-a48a-4d66-bcd0-2ef969af0e5c",
            "49ee5a99-b605-421d-9567-93f82eb8dfe7",
            "da089ad2-9fbe-447f-94cf-35d7f0e1a79e",
            "68ad2d0f-a517-4274-9e15-96f577403023",
            "e8fcbf05-5798-4949-9d9e-066a8936380d",
            "5ff6cdff-12c7-49ee-895b-d160deb9b293",
            "58b896d9-d816-47a7-91ee-1f261a71fed1"
          ],
          "failures": [],
          "pending": [],
          "skipped": [],
          "duration": 3802,
          "root": false,
          "rootEmpty": false,
          "_timeout": 2000
        }
      ],
      "passes": [],
      "failures": [],
      "pending": [],
      "skipped": [],
      "duration": 0,
      "root": true,
      "rootEmpty": true,
      "_timeout": 2000
    }
  ],
  "meta": {
    "mocha": {
      "version": "10.2.0"
    },
    "mochawesome": {
      "options": {
        "quiet": false,
        "reportFilename": "mochawesome",
        "saveHtml": true,
        "saveJson": true,
        "consoleReporter": "spec",
        "useInlineDiffs": false,
        "code": true
      },
      "version": "7.1.3"
    },
    "marge": {
      "options": null,
      "version": "6.2.0"
    }
  }
}